2025-10-17 07:56:16,659 - __main__ - INFO - Weather in Nagpur: 31.01°C
2025-10-17 07:56:16,659 - __main__ - INFO - Quote of the Day: "Keep your face always toward the sunshine—and shadows will fall behind you. – Walt Whitman"
2025-10-17 07:58:18,784 - __main__ - INFO - Weather in Nagpur: 31.01°C
2025-10-17 07:58:18,785 - __main__ - INFO - Quote of the Day: "Keep your face always toward the sunshine—and shadows will fall behind you. – Walt Whitman"
2025-10-17 08:16:06,748 - __main__ - INFO - Weather in Nagpur: 31.01°C
2025-10-17 08:16:06,748 - __main__ - INFO - Quote of the Day: "Keep your face always toward the sunshine—and shadows will fall behind you. – Walt Whitman"
2025-10-17 08:20:10 - Weather in Nagpur: 31.01°C
2025-10-17 08:20:10 - Quote of the run: "Great things never come from comfort zones."
2025-10-17 08:23:07 - Weather in Nagpur: 31.01°C
2025-10-17 08:23:07 - Quote of the run: "Do something today that your future self will thank you for."
2025-10-17 08:40:25 - Weather in Nagpur: 31.01°C
2025-10-17 08:40:25 - Quote of the run: "Keep your face always toward the sunshine—and shadows will fall behind you. – Walt Whitman"
2025-10-17 08:43:21 - Weather in Nagpur: 31.01°C
2025-10-17 08:43:21 - Quote of the run: "Success is not final, failure is not fatal: It is the courage to continue that counts. – Winston Churchill"
2025-10-17 08:54:35 - Weather in Nagpur: 31.01°C
2025-10-17 08:54:35 - Quote of the run: "It always seems impossible until it’s done. – Nelson Mandela"
2025-10-17 09:12:21 - Weather in Nagpur: 31.01°C
2025-10-17 09:12:21 - Quote of the run: "The best way to get started is to quit talking and begin doing. – Walt Disney"
2025-10-17 09:31:18 - Weather in Nagpur: 31.01°C
2025-10-17 09:31:18 - Quote of the run: "The harder you work for something, the greater you’ll feel when you achieve it."
2025-10-17 09:42:25 - Weather in Nagpur: 31.01°C
2025-10-17 09:42:25 - Quote of the run: "Act as if what you do makes a difference. It does. – William James"
